Case #1: KUPAISAYHO BNLCTOTQR
Case #2: CYKPHRVPG  NW FLEIWV
Case #3: BKSFVDYJ FPI TAHCVO
Case #4: EVBVFEYSLW IFD KZMRF
Case #5: DPNZFXZISB T TAQVDM
Case #6: EYGBXWNU C C KDPGMFQ
Case #7: VNLHA GJDLUFFOQTZC
Case #8: UOINYJQ VH AFDRDQAET
Case #9: MZK VNGHJJFTBHXESR
Case #10: WY PEJDQNARBXM YSPK
Case #11: DYPWZS CBVPSI KM MUY
Case #12: BRYXTAJQ JWMHNNVIKBO
Case #13: UXHMOEZFDPNUMJWQI
Case #14: NYFMAUSXUQLDOGR JP
Case #15: PEMLOSYVNWK HBFJ
Case #16: BDPRYZBRXHWU CUTKG
Case #17: BWJKOZNYRV IPSDPA
Case #18: Y WROUKNJJUBSIDPZMW
Case #19: USMYCASJVTDVEOP GMH
Case #20: EJQIFCQUYTBD JNJZ RG
Case #21: APUGQMRA QJ DSZZEXAY
Case #22: CEHNPEWXAZDTEB  FOR
Case #23: Z BGUCDBLISHUYARX
Case #24: EPVDLWNT XMZMUY BC
Case #25: HPFJAGWSGR ST WHQEZ
Case #26: M HKBGQMPIY  LDJYZGD
Case #27: KNLSMXGAORTLEZH R
Case #28: ZQB NKGZORUAFED Z  J
Case #29: TWCRIONZMPPAOEV  APG
Case #30: EKQ HTRWICJHXDVNNQAE
Case #31: QUPSHWIKOABFYPCIMZXV
Case #32: OLYBPKGXKNWEAZZ TEQS
Case #33: IVLMOQUIWFDBTU RC
Case #34: JZYDGQSNHQXAFNEUONDQ
Case #35: LQDZMJTXAR  GPI KE
Case #36: INVGRKUO A LDLLFWEKQ
Case #37: OZSXTNAJBNKGH FRDO
Case #38: ZNSNBYTWXWQCMTK ALT
Case #39: ATROMZCYMRFFXI QJSDR
Case #40: UEFBKIDSHNVMZPXCFHMG
Case #41: EGFMLEQ S HBNAPOD V
Case #42: ZXTGWKI M RADHBDVNOR
Case #43: A AB C
Case #44: XPLGKTJAOE SZRNZRQ
Case #45: HWIMVXU S M LDFGQZP
Case #46: CRXPW OYJBENRSZDIC
Case #47: I RWQ  VCXBUMUDGOMBZ
Case #48: SUOLWKXZIHEWNALTLJ M
Case #49: R BEFMWC XGZKIQ L
Case #50: U SVYKDG HWWOXZNQOF
Case #51: BHUCHIW EVMZYGSE K
Case #52: MVZF KXESRQBDDAHJG U
Case #53: DWWBPY  O XGEBPHNJBT
Case #54: FLAERGRQX OCBOQ LUKD
Case #55: FLOANZHLISG T XQYMJ
Case #56: IBOARTERX QNSO KYZCO
Case #57: MYSGDBNKAE QIH MT O
Case #58: RHMJSFYEBL  T UPBV
Case #59: EKHLAG YVMKXUJUQD
Case #60: KZDVGUQBCLWJCNSPF  U
Case #61: EQUIVGBCRHCCXYAJGLJ
Case #62: WSRYJOH  BIDBPAHMEV
Case #63: NUGKPHSLACVQTNPAZ XF
Case #64: QUXACEZIOWZQH KSJBIF
Case #65: VNWGDBPAVQLTNEYQK
Case #66: F IMMMODTG VWEB OXYZ
Case #67: BJ CXFGCWDZLRGIKQ M
Case #68: KHWSV WOFDENZLVJT
Case #69: CFQNJS DVMSPWEJGEL
Case #70: ALZKESBLONGMHZSVRFT
Case #71: WFXJSCH MUVLDVPM KPI
Case #72: CBH  LJOFMKIEXQTWWTQ
Case #73: QKGRWDPCUTXOXMF SAA
Case #74: MANMVTGRVOUM QKZICUY
Case #75: IPJJQXV RAZHBNTMTM
Case #76: LU YTMEKVDXIZGF
Case #77: UZEIANQMRS COTHFXYL
Case #78: OGXSCUDFJLY UWSZVNP
Case #79: UFFS JDADNWVEKQZPO
Case #80: EOHMM VKNWCRYBZ
Case #81: IMFZQZUFHGXSTC FNVE
Case #82: OTGGSTPDGFV OCHYQROU
Case #83: XWFGYT RUXLDQEVS
Case #84: QDJFWRPGJS WKITDVAC
Case #85: JOHNSON
Case #86: SNHCDRXABRQIVZVOVGLI
Case #87: YW XJSZPBURPMDHONYHM
Case #88: ZGQJTIOFNF  REXLUHVU
Case #89: VEI HZGOBAOLJXHUMST
Case #90: NLKKOCXDKT YIYZRXI S
Case #91: ZENE XTJOZFBTSACUGHK
Case #92: FNEI XVUAMRNDTBXUKI
Case #93: IGFUPEGWSNBSUYLDKH N
Case #94: BAEVQTRPKZHKBJDNMRO
Case #95: ARJHKIMXHBIWOCZ PY
Case #96: GTKVJIIFSNQUYOWRZIKR
Case #97: VEHFVJD SMTSIGUXKQPS
Case #98: BPVJ UQZXPPRKT BOKSY
Case #99: OBJLXQZ V AEK YV MAT
Case #100: OFUYNJVA  UQSXWHYRBT
