Case #1: CJZFF SONVBXRKPSAGMX
Case #2: IR XOPHCQ DTVCRDKGFI
Case #3: AZOLQJ XCW QPWF SHZM
Case #4: CA FTGTOCEGNSLVURC Y
Case #5: BLCBJRJVEOVGMUIHFZMZ
Case #6: LGGBKEW COVA HXNTY
Case #7: GMACODMKY SWBTBVQG
Case #8: VW SAILXNCFJB I YK
Case #9: GYLHCAMSOLQOPX EVQ
Case #10: S MTAHIEJMQSZFCWNVB
Case #11: UPQCMTWHKPRZKIJNEJ
Case #12: FUSTYWCCEBZGKLQTTP
Case #13: IOV UGNVRQMWICRZUAEK
Case #14: GKBVQFXMYJKOZ N P
Case #15: GMKG BPRSDNFATKJVBYX
Case #16: HE BGN XCIRJWQPWZ
Case #17: HWLVTQOVCASWZXBKDOLE
Case #18: ESLQ  YKVCHXBGDS J D
Case #19: ABEIYHTUP X OZNMVJ
Case #20: BZHPJQYF JUQWCRO  VE
Case #21: YCBLRDHUSIJD YNEVK O
Case #22: DJNTGSLZHDYQVEVYJRNC
Case #23: BL IFZTIUXQMSCWVU O
Case #24: GGVJKUQIYHPNSOZYP
Case #25: INAUVMBXZX DETKZLHF
Case #26: A Y EXFJSVRVWOOQHWNC
Case #27: ICAW GTDTLRQVHYMCNEF
Case #28: MQAJN GB CLVWFRKS
Case #29: EXWACICYZSXXBBAOVZK
Case #30: A AB C
Case #31: WJLSIALFRKXAQ CYL ZT
Case #32: EUZ PBAJCFKWRFMVQP
Case #33: ZYBXIKZPSRVGLOSNDQAF
Case #34: FHIMUDFNJEQ LMSWWVOM
