Case #1: AXWHOPXNFJIUMCLZXUSZ
Case #2: FCDMJIBTREILWXOZUM
Case #3: GDABLTFMHJEINCMBXYL
Case #4: FPAOGXIWYZEHTFHHKZMQ
Case #5: SKMOXPNWITFDVULLQAG
Case #6: JESFQWMIBYGOQHRULW
Case #7: BHLQHVZOKCLSSAREEZJN
Case #8: DLBBGTDNSZCJWPYTAIHD
Case #9: TTJBNIDSXUTEYWMSACL
Case #10: JDWITLUBLMSXOPEGRSCG
Case #11: MNOJYPFHUNTRAGKSDQB
Case #12: CEBVLKDYGNVKEOSTWJ
Case #13: TMKWWIWYNUREGLAEJFZK
Case #14: NUICDJAJRWDRVMZXOSUB
Case #15: LIVHYSZATXIWBPJYV
Case #16: DNQBZWYLYSCRZTLUJV
Case #17: OUMNIRWXFPHTFBLQNVB
Case #18: BTGGKMERUKMFZYPIHX
Case #19: XTOMGBIRHELFDPALRURV
Case #20: ODXLWAULGCBHQFMTMEQN
Case #21: KCFTNJZFLUHJIGVXBE
Case #22: DYGLDOWPUVFHIRVALXQM
Case #23: ZIROCEYDTRFHWJBHNFP
Case #24: RCLCSFAEZWPTHGNAODJ
Case #25: FDZESCVYFPJGLDNLVROX
Case #26: JWZULVHTRGMGYCXYF
Case #27: OXSIFLZMMAJNAEIQWDH
Case #28: QUYMBVTGTEWNDHIYFPYJ
Case #29: OLHKEIIQYBFLTVZLSMQG
Case #30: KDOZGHDMIJOWZMPLABSO
Case #31: JOHNSON
Case #32: JTVOTXNDRZQDUGIKYCF
Case #33: AZQRZDGVOYXDCMHZEKXP
Case #34: DRFOOHIUPEZMUGJNQA
Case #35: BRJUMBDLNKAMITHCZ
Case #36: HEQVQJVMDGXAKMFGCAY
Case #37: TKLEMFHSDNUYITBVGWTH
Case #38: AKVVCHDMSKWZTUGGY
Case #39: KEFOTMBNISAXDGZPXKB
Case #40: DHIDECJGFRTAMMDKLHPI
Case #41: PBZVKZFLMTRYPTMJVEIU
Case #42: EIKSHNMYNKZLCDFUBETV
Case #43: WHOQKAYNHGLNDBFICUR
Case #44: ZXZQTFQABSYMKVJSYIQR
Case #45: LJCOEBKXCJHIQYYASUMN
Case #46: WCTPYBSDEIXQWAXHKHJN
Case #47: QWNYITECOXVDBJTYYKA
Case #48: CSPIBIQTLYJERFVQDO
Case #49: IPOHVWETXFFNWJCASWQW
Case #50: GVYINDLEJOSAFMQCUYB
Case #51: NMRPAJBWULYVKYSKTXBD
Case #52: DDIKFCOMYLWLTBRSEF
Case #53: UXDTJWOIIYLKYNNVICF
Case #54: WMIGGWNFTGAMOUYQHJD
Case #55: YGKEYKYJNQIOTRNUMPZH
Case #56: NYXMWQXIMOPRFJOBGCYA
Case #57: STFWIEABKUXBCVXYUNTM
Case #58: LNYIYYQOFDVMPRPTIYJS
Case #59: WVKJWGUIZDRNXLOPLYUA
Case #60: JCINTBLVJYRCXUFXZP
Case #61: NGRAMTKSOIJZCQ
Case #62: EWRLZYLSJZPBHKTWYXC
Case #63: UBCTAVRJNIZQLWEMJJE
Case #64: MRQUZCPCZTYTDVFRWOB
Case #65: ZDWJNBLMIJTURPMBGSCB
Case #66: GTXTMPKJEOTHRGLWECD
Case #67: CPLHZZFWABSJBEXYWERD
Case #68: MCYDJBPWEAHFTLRZIK
Case #69: NDXHYDVCXGFEKWUPFML
Case #70: BJYWHDQGTOMXSLHTZQSN
Case #71: FOJSZUGTNGKADAKYRE
Case #72: BCWQINWCZTSPEJUWBYR
Case #73: NWKGQYARRIWVQTRCPOPD
Case #74: ZIQOLGCYPEXBJMACU
Case #75: ANGDWKNHFOFJELUUWBYF
Case #76: OIPBAUURVXVZXKESAQWC
Case #77: WARDKNTCFWOQWIESCLYZ
Case #78: ERCKVVSPKTAYBPWSQKFH
Case #79: EZMCJHOSOAYGXGTCBWDW
Case #80: JPWRXYMZSRRUFEKVNOA
Case #81: DHKBUBYTRFOGPVEQQFVI
Case #82: KZNBUMRDAFGHWCPEFOU
Case #83: NKXLPZPWXTJQGOMDICN
Case #84: MHYWCLCVDXQSUAOULTJ
Case #85: MHTKPRAKQIZCXMHLVCY
Case #86: FLSNXTJPZDKKFIQYGZ
Case #87: FHBJKYGESNQHKXDRVLC
Case #88: JNLHUSQMOXGFSVBUY
Case #89: LNUPRGTFEXBQNDLDOCIY
Case #90: XLVVYRSTZOSHDJIGCPF
Case #91: BOYILVPPHDWCSHUMX
Case #92: GYLTQTFZXRPIUNEAHOL
Case #93: BUJJVKRPYZGSXAETCLG
Case #94: DSCMPCNYWPVIBTIRRGF
Case #95: CBUIEMWVOMWMDKZAZL
Case #96: BGCIMDOUXQZWTSEAGHM
Case #97: VUQRRGGWDMEHTBNFXPN
Case #98: OKXGXITYVEHMPMBXONRF
Case #99: GDCYEAWVWLCRSKPTQDG
Case #100: NPZZADYEILVFWMTGGFH
