Case #1:
157094149
155956325
154473253
125663238
125672391
188464840
157105009
157107199
124998528
161302183
118379052
149632224
157848586
130429509
158986666
130448255
188469885
118397996
134264224
125662382
Case #2:
151686583
84964355
73406034
129344389
131916251
86539447
122080909
82111608
84965477
74387936
97464135
79580897
107820405
111684193
122061725
154454953
73414499
143810964
129320672
88943735
Case #3:
528799488633037
553758778466998
520185733042897
529973095549977
543679655947163
508446662164830
527652500962682
509876185518935
511885544191224
525488953663756
533167989749983
527652500873332
533910391940630
540740875443381
520413614254334
508597052942968
532247003275721
514326590098850
512564492290636
535293996364662
