Case #1:
7710910
7950874
8072210
7708278
7738590
7873777
7991963
7878396
7755534
7841817
8025250
8038559
7841405
7792481
7891244
7964705
8071394
8086512
7996696
7805412
Case #2:
50066
51633
55494
47148
57528
47255
51785
52801
52372
53735
Case #3:
41140
41000
41732
41059
47026
43224
37918
40410
35782
42549
36667
38475
42576
47785
44605
46268
36510
43209
44003
41031
Case #4:
8262369339
8291676297
8280339029
8283342947
8254879484
8255623712
8286108841
8262619577
8247662368
8271506007
8246333766
8264852562
8278739476
8276705920
8261379630
8286157876
8283754436
8256421914
8247766035
8258893123
Case #5:
27525117
27511818
28039129
28137579
27741880
27711396
27612892
27539001
27915761
27309847
27567633
27712796
27461349
28004169
27362328
27923721
27405558
28011659
28004324
28011709
Case #6:
6361904648
6348831577
6354074570
6366833405
6377324560
6354744546
6380170382
6368926283
6379710925
6364462244
6358125107
6348518807
6340249423
6341617026
6377196334
6380381993
6349191099
6370851695
6344140840
6378045210
Case #7:
7170481808
7188919933
7190506747
7172912713
7191845342
7175115632
7177889410
7161144525
7170187903
7189254609
7180230995
7164423982
7173108830
7187229925
7183480466
7181002878
7183591475
7184498349
7158394177
7156487451
Case #8:
6178027183
6156504384
6188225348
6157661178
6169387007
6156727591
6159445936
6187686627
6155294232
6169610245
6178803862
6188095225
6177814398
6156762016
6175921053
6157965628
6171624802
6184158057
6184746694
6186633525
Case #9:
8120760963
8105068999
8114352941
8139969775
8128703378
8146139659
8141712804
8112101881
8105471144
8142600644
8118398638
8115532478
8113562433
8115447373
8131289639
8118583702
8137429402
8126986685
8116185795
8104142294
Case #10:
7455644018
7464166616
7444294635
7443794235
7441802092
7436733239
7449481988
7434787729
7443175076
7448352215
7468960149
7456776724
7433359766
7453796472
7449074905
7426212889
7465441202
7457183102
7434195043
7424662628
